<?xml version="1.0" encoding="UTF-8"?>
<robot generator="Robot 6.1 (Python 3.11.3 on win32)" generated="20230808 10:31:57.908" rpa="false" schemaversion="4">
<suite id="s1" name="Panelscout Robotframework" source="C:\Users\P.Jagielski\Documents\GitHub\panelscout_robotframework">
<suite id="s1-s1" name="Test Login Rf" source="C:\Users\P.Jagielski\Documents\GitHub\panelscout_robotframework\test_login_rf.robot">
<test id="s1-s1-t1" name="Adding a player" line="53">
<kw name="Open login page">
<kw name="Open Browser" library="SeleniumLibrary">
<arg>${LOGIN URL}</arg>
<arg>${BROWSER}</arg>
<doc>Opens a new browser instance to the optional ``url``.</doc>
<msg timestamp="20230808 10:31:58.121" level="INFO">Opening browser 'Chrome' to base url 'https://dareit.futbolkolektyw.pl/en'.</msg>
<msg timestamp="20230808 10:31:58.133" level="INFO">Applicable driver not found; attempting to install with Selenium Manager (Beta)</msg>
<status status="PASS" starttime="20230808 10:31:58.121" endtime="20230808 10:32:00.074"/>
</kw>
<kw name="Title Should Be" library="SeleniumLibrary">
<arg>Scouts panel - sign in</arg>
<doc>Verifies that the current page title equals ``title``.</doc>
<msg timestamp="20230808 10:32:00.078" level="INFO">Page title is 'Scouts panel - sign in'.</msg>
<status status="PASS" starttime="20230808 10:32:00.074" endtime="20230808 10:32:00.078"/>
</kw>
<status status="PASS" starttime="20230808 10:31:58.121" endtime="20230808 10:32:00.078"/>
</kw>
<kw name="Type in email">
<kw name="Input Text" library="SeleniumLibrary">
<arg>${EMAILINPUT}</arg>
<arg>user07@getnada.com</arg>
<doc>Types the given ``text`` into the text field identified by ``locator``.</doc>
<msg timestamp="20230808 10:32:00.079" level="INFO">Typing text 'user07@getnada.com' into text field 'xpath=//*[@id='login']'.</msg>
<status status="PASS" starttime="20230808 10:32:00.079" endtime="20230808 10:32:00.221"/>
</kw>
<status status="PASS" starttime="20230808 10:32:00.078" endtime="20230808 10:32:00.221"/>
</kw>
<kw name="Type in password">
<kw name="Input Text" library="SeleniumLibrary">
<arg>${PASSWORDINPUT}</arg>
<arg>Test-1234</arg>
<doc>Types the given ``text`` into the text field identified by ``locator``.</doc>
<msg timestamp="20230808 10:32:00.222" level="INFO">Typing text 'Test-1234' into text field 'xpath=//*[@id='password']'.</msg>
<status status="PASS" starttime="20230808 10:32:00.222" endtime="20230808 10:32:00.312"/>
</kw>
<status status="PASS" starttime="20230808 10:32:00.221" endtime="20230808 10:32:00.312"/>
</kw>
<kw name="Click on the Sign in button">
<kw name="Click Element" library="SeleniumLibrary">
<arg>${SIGN IN BUTTON}</arg>
<doc>Click the element identified by ``locator``.</doc>
<msg timestamp="20230808 10:32:00.313" level="INFO">Clicking element 'xpath=//*[text()='Sign in']'.</msg>
<status status="PASS" starttime="20230808 10:32:00.312" endtime="20230808 10:32:00.359"/>
</kw>
<status status="PASS" starttime="20230808 10:32:00.312" endtime="20230808 10:32:00.359"/>
</kw>
<kw name="Click On The Add A Player">
<kw name="Wait Until Element Is Visible" library="SeleniumLibrary">
<arg>${ADD A PLAYER}</arg>
<doc>Waits until the element ``locator`` is visible.</doc>
<status status="PASS" starttime="20230808 10:32:00.360" endtime="20230808 10:32:02.653"/>
</kw>
<kw name="Click Element" library="SeleniumLibrary">
<arg>${ADD A PLAYER}</arg>
<doc>Click the element identified by ``locator``.</doc>
<msg timestamp="20230808 10:32:02.654" level="INFO">Clicking element 'xpath=//*[text()='Add player']'.</msg>
<status status="PASS" starttime="20230808 10:32:02.654" endtime="20230808 10:32:02.692"/>
</kw>
<status status="PASS" starttime="20230808 10:32:00.359" endtime="20230808 10:32:02.692"/>
</kw>
<kw name="Assert add a player">
<kw name="Wait Until Element Is Visible" library="SeleniumLibrary">
<arg>${MAINPOSITION}</arg>
<doc>Waits until the element ``locator`` is visible.</doc>
<status status="PASS" starttime="20230808 10:32:02.693" endtime="20230808 10:32:03.126"/>
</kw>
<kw name="Title Should Be" library="SeleniumLibrary">
<arg>Add player</arg>
<doc>Verifies that the current page title equals ``title``.</doc>
<msg timestamp="20230808 10:32:03.129" level="INFO">Page title is 'Add player'.</msg>
<status status="PASS" starttime="20230808 10:32:03.126" endtime="20230808 10:32:03.129"/>
</kw>
<status status="PASS" starttime="20230808 10:32:02.693" endtime="20230808 10:32:03.129"/>
</kw>
<kw name="Type in name">
<kw name="Wait Until Element Is Visible" library="SeleniumLibrary">
<arg>${NAMEINPUT}</arg>
<doc>Waits until the element ``locator`` is visible.</doc>
<status status="PASS" starttime="20230808 10:32:03.129" endtime="20230808 10:32:03.147"/>
</kw>
<kw name="Input Text" library="SeleniumLibrary">
<arg>${NAMEINPUT}</arg>
<arg>Krzysztof</arg>
<doc>Types the given ``text`` into the text field identified by ``locator``.</doc>
<msg timestamp="20230808 10:32:03.148" level="INFO">Typing text 'Krzysztof' into text field 'xpath=//input[@name='name']'.</msg>
<status status="PASS" starttime="20230808 10:32:03.147" endtime="20230808 10:32:03.224"/>
</kw>
<status status="PASS" starttime="20230808 10:32:03.129" endtime="20230808 10:32:03.224"/>
</kw>
<kw name="Type in surname">
<kw name="Input Text" library="SeleniumLibrary">
<arg>${SURNAMEINPUT}</arg>
<arg>Kończyna</arg>
<doc>Types the given ``text`` into the text field identified by ``locator``.</doc>
<msg timestamp="20230808 10:32:03.225" level="INFO">Typing text 'Kończyna' into text field 'xpath=//input[@name='surname']'.</msg>
<status status="PASS" starttime="20230808 10:32:03.225" endtime="20230808 10:32:03.333"/>
</kw>
<status status="PASS" starttime="20230808 10:32:03.225" endtime="20230808 10:32:03.334"/>
</kw>
<kw name="Type in age">
<kw name="Input Text" library="SeleniumLibrary">
<arg>${AGEINPUT}</arg>
<arg>10.10.1999</arg>
<doc>Types the given ``text`` into the text field identified by ``locator``.</doc>
<msg timestamp="20230808 10:32:03.335" level="INFO">Typing text '10.10.1999' into text field 'xpath=//input[@name='age']'.</msg>
<status status="PASS" starttime="20230808 10:32:03.334" endtime="20230808 10:32:03.409"/>
</kw>
<status status="PASS" starttime="20230808 10:32:03.334" endtime="20230808 10:32:03.409"/>
</kw>
<kw name="Type in main position">
<kw name="Input Text" library="SeleniumLibrary">
<arg>${MAINPOSITION}</arg>
<arg>bramkarz</arg>
<doc>Types the given ``text`` into the text field identified by ``locator``.</doc>
<msg timestamp="20230808 10:32:03.410" level="INFO">Typing text 'bramkarz' into text field 'xpath=//input[@name='mainPosition']'.</msg>
<status status="PASS" starttime="20230808 10:32:03.410" endtime="20230808 10:32:03.500"/>
</kw>
<status status="PASS" starttime="20230808 10:32:03.410" endtime="20230808 10:32:03.500"/>
</kw>
<kw name="Click On The Submit">
<kw name="Wait Until Element Is Visible" library="SeleniumLibrary">
<arg>${SUBMIT BUTTON}</arg>
<doc>Waits until the element ``locator`` is visible.</doc>
<status status="PASS" starttime="20230808 10:32:03.500" endtime="20230808 10:32:03.519"/>
</kw>
<kw name="Click Element" library="SeleniumLibrary">
<arg>${SUBMIT BUTTON}</arg>
<doc>Click the element identified by ``locator``.</doc>
<msg timestamp="20230808 10:32:03.520" level="INFO">Clicking element 'xpath=//*[3]/button[1]/span[1]'.</msg>
<status status="PASS" starttime="20230808 10:32:03.519" endtime="20230808 10:32:03.580"/>
</kw>
<status status="PASS" starttime="20230808 10:32:03.500" endtime="20230808 10:32:03.580"/>
</kw>
<kw name="Close Browser" library="SeleniumLibrary" type="TEARDOWN">
<doc>Closes the current browser.</doc>
<status status="PASS" starttime="20230808 10:32:03.581" endtime="20230808 10:32:06.549"/>
</kw>
<status status="PASS" starttime="20230808 10:31:58.120" endtime="20230808 10:32:06.550"/>
</test>
<doc>Suite description #automated tests for scout website</doc>
<status status="PASS" starttime="20230808 10:31:57.933" endtime="20230808 10:32:06.551"/>
</suite>
<status status="PASS" starttime="20230808 10:31:57.910" endtime="20230808 10:32:06.553"/>
</suite>
<statistics>
<total>
<stat pass="1" fail="0" skip="0">All Tests</stat>
</total>
<tag>
</tag>
<suite>
<stat pass="1" fail="0" skip="0" id="s1" name="Panelscout Robotframework">Panelscout Robotframework</stat>
<stat pass="1" fail="0" skip="0" id="s1-s1" name="Test Login Rf">Panelscout Robotframework.Test Login Rf</stat>
</suite>
</statistics>
<errors>
</errors>
</robot>
